<?xml version="1.0" encoding="UTF-8"?>
<testsuite xmlns:xsi="http://www.w3.org/2001/XMLSchema-instance" xsi:noNamespaceSchemaLocation="https://maven.apache.org/surefire/maven-surefire-plugin/xsd/surefire-test-report.xsd" version="3.0.2" name="br.edu.ifba.saj.fwads.negocio.facade.CompraFacadeTest" time="0.099" tests="4" errors="0" skipped="0" failures="0">
  <properties>
[...]
</properties>
  <testcase name="deveCriarCarrinhoPadraoQuandoClienteNaoTemCarrinhos" classname="br.edu.ifba.saj.fwads.negocio.facade.CompraFacadeTest" time="0.062"/>
  <testcase name="deveListarProdutosSomenteDoDepartamentoInformado" classname="br.edu.ifba.saj.fwads.negocio.facade.CompraFacadeTest" time="0.004"/>
  <testcase name="deveCriarCarrinhoParaClienteLogadoMesmoSeOutroClienteJaTiverMesmoNome" classname="br.edu.ifba.saj.fwads.negocio.facade.CompraFacadeTest" time="0.002"/>
  <testcase name="deveFinalizarCompraRemovendoCarrinhoDoClienteEDoDao" classname="br.edu.ifba.saj.fwads.negocio.facade.CompraFacadeTest" time="0.003"/>
</testsuite>